<?xml version="1.0" encoding="UTF-8"?>
<!-- Generated by org.testng.reporters.JUnitXMLReporter -->
<testsuite ignored="0" hostname="DESKTOP-HR2KPOH" failures="0" tests="4" name="Default test" time="0.073" errors="0" timestamp="2023-01-07T12:15:43 IST">
  <testcase classname="TestNGCustomListener.FrocefullySkipTheTest" name="fintionalTestRegister" time="0.011"/>
  <testcase classname="TestNGCustomListener.FrocefullySkipTheTest" name="funtionalTestLogin" time="0.001"/>
  <testcase classname="TestNGCustomListener.FrocefullySkipTheTest" name="funtionalTestPasswordLink" time="0.001"/>
  <testcase classname="TestNGCustomListener.FrocefullySkipTheTest" name="functionalTestGrantAdminAccess" time="0.002">
    <skipped/>
  </testcase> <!-- functionalTestGrantAdminAccess -->
</testsuite> <!-- Default test -->
