<?xml version="1.0" encoding="UTF-8"?>
<!-- Generated by org.testng.reporters.JUnitXMLReporter -->
<testsuite ignored="0" hostname="DESKTOP-HR2KPOH" failures="1" tests="4" name="Test" time="0.071" errors="0" timestamp="2023-01-07T13:43:09 IST">
  <testcase classname="TestNGCustomListener.AddingTestforListener" name="funtionalTestRegister" time="0.011">
    <failure type="java.lang.AssertionError" message="User not Exists">
      <![CDATA[java.lang.AssertionError: User not Exists
at TestNGCustomListener.AddingTestforListener.funtionalTestRegister(AddingTestforListener.java:11)
at java.base/java.util.ArrayList.forEach(ArrayList.java:1511)
... Removed 28 stack frames]]>
    </failure>
  </testcase> <!-- funtionalTestRegister -->
  <testcase classname="TestNGCustomListener.AddingTestforListener" name="funtionalTestLogin" time="0.001">
    <skipped/>
  </testcase> <!-- funtionalTestLogin -->
  <testcase classname="TestNGCustomListener.AddingTestforListener" name="funtionalTestPasswordLink" time="0.001"/>
  <testcase classname="TestNGCustomListener.AddingTestforListener" name="functionalTestGrantAdminAccess" time="0.002"/>
</testsuite> <!-- Test -->
