<?xml version="1.0" encoding="UTF-8"?>
<!-- Generated by org.testng.reporters.JUnitXMLReporter -->
<testsuite ignored="0" hostname="DESKTOP-HR2KPOH" failures="5" tests="14" name="Test Dependency" time="0.051" errors="0" timestamp="2023-01-07T08:31:08 IST">
  <testcase classname="TestNG.AddingMultipleDenpendciesOnMethods" name="testRegister" time="0.001">
    <failure type="java.lang.AssertionError" message="User not Exists">
      <![CDATA[java.lang.AssertionError: User not Exists
at TestNG.AddingMultipleDenpendciesOnMethods.testRegister(AddingMultipleDenpendciesOnMethods.java:11)
at java.base/java.util.ArrayList.forEach(ArrayList.java:1511)
... Removed 28 stack frames]]>
    </failure>
  </testcase> <!-- testRegister -->
  <testcase classname="TestNG.AddingMultipleDenpendciesOnMethods" name="testLogin" time="0.0">
    <skipped/>
  </testcase> <!-- testLogin -->
  <testcase classname="TestNG.AddingMultipleDenpendciesOnMethods" name="testPasswordLink" time="0.002">
    <failure type="java.lang.AssertionError" message="Password not changed">
      <![CDATA[java.lang.AssertionError: Password not changed
at TestNG.AddingMultipleDenpendciesOnMethods.testPasswordLink(AddingMultipleDenpendciesOnMethods.java:21)
at java.base/java.util.ArrayList.forEach(ArrayList.java:1511)
... Removed 28 stack frames]]>
    </failure>
  </testcase> <!-- testPasswordLink -->
  <testcase classname="TestNG.AddingMultipleDenpendciesOnMethods" name="testGrantAdminAccess" time="0.001"/>
  <testcase classname="TestNG.AddingMultipleDenpendciesOnMethods" name="testCreateEmail" time="0.0">
    <skipped/>
  </testcase> <!-- testCreateEmail -->
  <testcase classname="TestNG.DependentMethodsAlwaysRun" name="testRegister" time="0.002">
    <failure type="java.lang.AssertionError" message="User not Exists">
      <![CDATA[java.lang.AssertionError: User not Exists
at TestNG.DependentMethodsAlwaysRun.testRegister(DependentMethodsAlwaysRun.java:11)
at java.base/java.util.ArrayList.forEach(ArrayList.java:1511)
... Removed 28 stack frames]]>
    </failure>
  </testcase> <!-- testRegister -->
  <testcase classname="TestNG.DependentMethodsAlwaysRun" name="testLogin" time="0.001"/>
  <testcase classname="TestNG.DependentMethodsAlwaysRun" name="testPasswordLink" time="0.001">
    <failure type="java.lang.AssertionError" message="Password not changed">
      <![CDATA[java.lang.AssertionError: Password not changed
at TestNG.DependentMethodsAlwaysRun.testPasswordLink(DependentMethodsAlwaysRun.java:21)
at java.base/java.util.ArrayList.forEach(ArrayList.java:1511)
... Removed 28 stack frames]]>
    </failure>
  </testcase> <!-- testPasswordLink -->
  <testcase classname="TestNG.DependentMethodsAlwaysRun" name="testGrantAdminAccess" time="0.001"/>
  <testcase classname="TestNG.DependentMethodsAlwaysRun" name="testCreateEmail" time="0.0">
    <skipped/>
  </testcase> <!-- testCreateEmail -->
  <testcase classname="TestNG.AddingDependencyOnMethods" name="testRegister" time="0.001">
    <failure type="java.lang.AssertionError" message="User not Exists">
      <![CDATA[java.lang.AssertionError: User not Exists
at TestNG.AddingDependencyOnMethods.testRegister(AddingDependencyOnMethods.java:11)
at java.base/java.util.ArrayList.forEach(ArrayList.java:1511)
... Removed 28 stack frames]]>
    </failure>
  </testcase> <!-- testRegister -->
  <testcase classname="TestNG.AddingDependencyOnMethods" name="testLogin" time="0.0">
    <skipped/>
  </testcase> <!-- testLogin -->
  <testcase classname="TestNG.AddingDependencyOnMethods" name="testPasswordLink" time="0.001"/>
  <testcase classname="TestNG.AddingDependencyOnMethods" name="testGrantAdminAccess" time="0.001"/>
</testsuite> <!-- Test Dependency -->
