<?xml version="1.0" encoding="UTF-8"?>
<!-- Generated by org.testng.reporters.JUnitXMLReporter -->
<testsuite ignored="0" hostname="DESKTOP-HR2KPOH" failures="2" tests="5" name="Always Run Test" time="0.015" errors="0" timestamp="2023-01-07T09:10:26 IST">
  <testcase classname="TestngDependencies.DependentMethodsAlwaysRun" name="testRegister" time="0.001">
    <failure type="java.lang.AssertionError" message="User not Exists">
      <![CDATA[java.lang.AssertionError: User not Exists
at TestngDependencies.DependentMethodsAlwaysRun.testRegister(DependentMethodsAlwaysRun.java:11)
at java.base/java.util.ArrayList.forEach(ArrayList.java:1511)
... Removed 29 stack frames]]>
    </failure>
  </testcase> <!-- testRegister -->
  <testcase classname="TestngDependencies.DependentMethodsAlwaysRun" name="testLogin" time="0.001"/>
  <testcase classname="TestngDependencies.DependentMethodsAlwaysRun" name="testPasswordLink" time="0.001">
    <failure type="java.lang.AssertionError" message="Password not changed">
      <![CDATA[java.lang.AssertionError: Password not changed
at TestngDependencies.DependentMethodsAlwaysRun.testPasswordLink(DependentMethodsAlwaysRun.java:21)
at java.base/java.util.ArrayList.forEach(ArrayList.java:1511)
... Removed 29 stack frames]]>
    </failure>
  </testcase> <!-- testPasswordLink -->
  <testcase classname="TestngDependencies.DependentMethodsAlwaysRun" name="testGrantAdminAccess" time="0.001"/>
  <testcase classname="TestngDependencies.DependentMethodsAlwaysRun" name="testCreateEmail" time="0.0">
    <skipped/>
  </testcase> <!-- testCreateEmail -->
</testsuite> <!-- Always Run Test -->
