<?xml version="1.0" encoding="UTF-8"?>
<!-- Generated by org.testng.reporters.JUnitXMLReporter -->
<testsuite ignored="0" hostname="DESKTOP-HR2KPOH" failures="2" tests="5" name="Muliple Dependency Test" time="0.014" errors="0" timestamp="2023-01-07T09:10:26 IST">
  <testcase classname="TestngDependencies.AddingMultipleDenpendciesOnMethods" name="testRegister" time="0.001">
    <failure type="java.lang.AssertionError" message="User not Exists">
      <![CDATA[java.lang.AssertionError: User not Exists
at TestngDependencies.AddingMultipleDenpendciesOnMethods.testRegister(AddingMultipleDenpendciesOnMethods.java:11)
at java.base/java.util.ArrayList.forEach(ArrayList.java:1511)
... Removed 29 stack frames]]>
    </failure>
  </testcase> <!-- testRegister -->
  <testcase classname="TestngDependencies.AddingMultipleDenpendciesOnMethods" name="testLogin" time="0.0">
    <skipped/>
  </testcase> <!-- testLogin -->
  <testcase classname="TestngDependencies.AddingMultipleDenpendciesOnMethods" name="testPasswordLink" time="0.001">
    <failure type="java.lang.AssertionError" message="Password not changed">
      <![CDATA[java.lang.AssertionError: Password not changed
at TestngDependencies.AddingMultipleDenpendciesOnMethods.testPasswordLink(AddingMultipleDenpendciesOnMethods.java:21)
at java.base/java.util.ArrayList.forEach(ArrayList.java:1511)
... Removed 29 stack frames]]>
    </failure>
  </testcase> <!-- testPasswordLink -->
  <testcase classname="TestngDependencies.AddingMultipleDenpendciesOnMethods" name="testGrantAdminAccess" time="0.001"/>
  <testcase classname="TestngDependencies.AddingMultipleDenpendciesOnMethods" name="testCreateEmail" time="0.0">
    <skipped/>
  </testcase> <!-- testCreateEmail -->
</testsuite> <!-- Muliple Dependency Test -->
